<?xml version="1.0" encoding="UTF-8"?>
<!-- Generated by org.testng.reporters.JUnitReportReporter -->
<testsuite skipped="0" hostname="METBLR52084713" name="browser.BrowserNotification" tests="1" failures="0" timestamp="2020-03-28T23:21:01 IST" time="14.350" errors="0">
  <testcase name="notification" time="14.350" classname="browser.BrowserNotification"/>
</testsuite> <!-- browser.BrowserNotification -->
